2025-07-22 05:42:54,990 - app.main - INFO - Starting router registration...
2025-07-22 05:42:55,118 - app.main - INFO - ✅ Auth router registered
2025-07-22 05:42:55,131 - app.main - INFO - ✅ Users router registered
2025-07-22 05:42:55,145 - app.main - INFO - ✅ Matches router registered
2025-07-22 05:42:55,162 - app.main - INFO - ✅ Predictions router registered
2025-07-22 05:42:55,190 - app.main - INFO - ✅ Groups router registered
2025-07-22 05:42:55,208 - app.main - INFO - ✅ Admin router registered
2025-07-22 05:42:55,208 - app.main - INFO - ✅ Router registration complete!
2025-07-22 05:42:55,211 - app.main - INFO - 🚀 Starting application...
2025-07-22 05:42:55,212 - app.db.session - INFO - Creating database tables if they don't exist...
2025-07-22 05:42:55,239 - app.db.session - INFO - Database tables created successfully.
2025-07-22 05:42:55,240 - app.main - INFO - ✅ Database tables created
2025-07-22 05:42:55,240 - app.services.init_services - INFO - Initializing application services...
2025-07-22 05:42:55,242 - app.services.cache_service - INFO - Connected to Redis successfully
2025-07-22 05:42:55,242 - app.services.init_services - INFO - Redis cache initialized
2025-07-22 05:42:55,243 - app.services.init_services - INFO - Football API service initialized
2025-07-22 05:42:55,272 - app.services.init_services - INFO - Found 161 teams in database, skipping import
2025-07-22 05:42:55,273 - app.services.init_services - INFO - Verifying admin assignments...
2025-07-22 05:42:55,280 - app.services.init_services - INFO - All admin assignments are correct
2025-07-22 05:42:55,281 - app.services.init_services - INFO - All services initialized successfully
2025-07-22 05:42:55,281 - app.main - INFO - ✅ Services initialized
2025-07-22 05:42:55,282 - app.main - INFO - 🧠 Starting intelligent match-day scheduler...
2025-07-22 05:42:55,282 - app.services.smart_scheduler - INFO - 🚀 Starting smart match-day scheduler...
2025-07-22 05:42:55,291 - app.services.smart_scheduler - INFO - 📊 Initial schedule: minimal - No matches in next 3 days
2025-07-22 05:42:55,291 - app.services.smart_scheduler - INFO - ⏰ Initial frequency: every 3600 seconds
2025-07-22 05:42:55,293 - app.services.smart_scheduler - INFO - 🤖 Smart scheduler started
2025-07-22 05:42:55,293 - match_processing_audit - INFO - SMART_SCHEDULER_INIT: {'mode': 'minimal', 'frequency': 3600, 'reason': 'No matches in next 3 days', 'next_match_date': None}
2025-07-22 05:42:55,293 - match_processing_audit - INFO - SMART_SCHEDULER_START
2025-07-22 05:42:55,294 - app.services.smart_scheduler - INFO - ✅ Smart scheduler started successfully
2025-07-22 05:42:55,294 - app.services.smart_scheduler - INFO - 🔄 Starting processing cycle (mode: minimal)
2025-07-22 05:42:55,295 - match_processing_audit - INFO - SMART_CYCLE_START: mode=minimal, timestamp=2025-07-22T05:42:55.294701+00:00
2025-07-22 05:42:55,298 - app.main - INFO - ✅ Smart scheduler started successfully!
2025-07-22 05:42:55,298 - app.main - INFO - 📊 Current mode: minimal
2025-07-22 05:42:55,298 - app.main - INFO - ⏰ Current frequency: every 3600 seconds
2025-07-22 05:42:55,299 - app.main - INFO - 📅 Reason: No matches in next 3 days
2025-07-22 05:42:55,299 - app.main - INFO - 🏈 Today's matches: 0
2025-07-22 05:42:55,299 - app.main - INFO - 📋 Upcoming matches: 0
2025-07-22 05:42:55,300 - app.main - INFO - 🤖 Smart scheduler features:
2025-07-22 05:42:55,300 - app.main - INFO -    🎯 Only processes intensively on match days
2025-07-22 05:42:55,301 - app.main - INFO -    ⚡ High frequency (2min) during active matches
2025-07-22 05:42:55,301 - app.main - INFO -    🔄 Medium frequency (5min) around match times
2025-07-22 05:42:55,301 - app.main - INFO -    💤 Low frequency (15-30min) on non-match periods
2025-07-22 05:42:55,302 - app.main - INFO -    📊 Automatically adapts based on match schedule
2025-07-22 05:42:55,302 - app.main - INFO - 🎉 Application startup complete!
2025-07-22 05:42:55,310 - app.services.match_processor - INFO - Found 67 matches ready for locking (UTC time: 2025-07-22 05:42:55.297506+00:00)
2025-07-22 05:42:55,315 - app.services.match_processor - INFO - Locked 0 predictions for fixture 1326472
2025-07-22 05:42:55,320 - app.services.match_processor - INFO - Locked 0 predictions for fixture 1326494
2025-07-22 05:42:55,324 - app.services.match_processor - INFO - Locked 0 predictions for fixture 1326496
2025-07-22 05:42:55,327 - app.services.match_processor - INFO - Locked 0 predictions for fixture 1326509
2025-07-22 05:42:55,330 - app.services.match_processor - INFO - Locked 0 predictions for fixture 1326510
2025-07-22 05:42:55,333 - app.services.match_processor - INFO - Locked 0 predictions for fixture 1326511
2025-07-22 05:42:55,335 - app.services.match_processor - INFO - Locked 0 predictions for fixture 1326512
2025-07-22 05:42:55,338 - app.services.match_processor - INFO - Locked 0 predictions for fixture 1326513
2025-07-22 05:42:55,341 - app.services.match_processor - INFO - Locked 0 predictions for fixture 1326516
2025-07-22 05:42:55,343 - app.services.match_processor - INFO - Locked 0 predictions for fixture 1326515
2025-07-22 05:42:55,345 - app.services.match_processor - INFO - Locked 0 predictions for fixture 1326514
2025-07-22 05:42:55,348 - app.services.match_processor - INFO - Locked 0 predictions for fixture 1326518
2025-07-22 05:42:55,350 - app.services.match_processor - INFO - Locked 0 predictions for fixture 1326517
2025-07-22 05:42:55,352 - app.services.match_processor - INFO - Locked 0 predictions for fixture 1326519
2025-07-22 05:42:55,354 - app.services.match_processor - INFO - Locked 0 predictions for fixture 1326521
2025-07-22 05:42:55,356 - app.services.match_processor - INFO - Locked 0 predictions for fixture 1326520
2025-07-22 05:42:55,359 - app.services.match_processor - INFO - Locked 0 predictions for fixture 1326729
2025-07-22 05:42:55,362 - app.services.match_processor - INFO - Locked 0 predictions for fixture 1326522
2025-07-22 05:42:55,364 - app.services.match_processor - INFO - Locked 0 predictions for fixture 1326523
2025-07-22 05:42:55,366 - app.services.match_processor - INFO - Locked 0 predictions for fixture 1326465
2025-07-22 05:42:55,369 - app.services.match_processor - INFO - Locked 0 predictions for fixture 1326527
2025-07-22 05:42:55,372 - app.services.match_processor - INFO - Locked 0 predictions for fixture 1326528
2025-07-22 05:42:55,374 - app.services.match_processor - INFO - Locked 0 predictions for fixture 1326529
2025-07-22 05:42:55,376 - app.services.match_processor - INFO - Locked 0 predictions for fixture 1326525
2025-07-22 05:42:55,378 - app.services.match_processor - INFO - Locked 0 predictions for fixture 1326526
2025-07-22 05:42:55,381 - app.services.match_processor - INFO - Locked 0 predictions for fixture 1326524
2025-07-22 05:42:55,383 - app.services.match_processor - INFO - Locked 0 predictions for fixture 1326730
2025-07-22 05:42:55,385 - app.services.match_processor - INFO - Locked 0 predictions for fixture 1326531
2025-07-22 05:42:55,387 - app.services.match_processor - INFO - Locked 0 predictions for fixture 1326532
2025-07-22 05:42:55,390 - app.services.match_processor - INFO - Locked 0 predictions for fixture 1326530
2025-07-22 05:42:55,393 - app.services.match_processor - INFO - Locked 0 predictions for fixture 1326534
2025-07-22 05:42:55,396 - app.services.match_processor - INFO - Locked 0 predictions for fixture 1326533
2025-07-22 05:42:55,399 - app.services.match_processor - INFO - Locked 0 predictions for fixture 1326535
2025-07-22 05:42:55,402 - app.services.match_processor - INFO - Locked 0 predictions for fixture 1326536
2025-07-22 05:42:55,404 - app.services.match_processor - INFO - Locked 0 predictions for fixture 1326537
2025-07-22 05:42:55,407 - app.services.match_processor - INFO - Locked 0 predictions for fixture 1326542
2025-07-22 05:42:55,410 - app.services.match_processor - INFO - Locked 0 predictions for fixture 1326543
2025-07-22 05:42:55,413 - app.services.match_processor - INFO - Locked 0 predictions for fixture 1326541
2025-07-22 05:42:55,415 - app.services.match_processor - INFO - Locked 0 predictions for fixture 1326538
2025-07-22 05:42:55,417 - app.services.match_processor - INFO - Locked 0 predictions for fixture 1326540
2025-07-22 05:42:55,420 - app.services.match_processor - INFO - Locked 0 predictions for fixture 1326539
2025-07-22 05:42:55,423 - app.services.match_processor - INFO - Locked 0 predictions for fixture 1326544
2025-07-22 05:42:55,441 - app.services.match_processor - INFO - Locked 1 predictions for fixture 1326545
2025-07-22 05:42:55,445 - app.services.match_processor - INFO - Locked 0 predictions for fixture 1326546
2025-07-22 05:42:55,449 - app.services.match_processor - INFO - Locked 0 predictions for fixture 1326547
2025-07-22 05:42:55,454 - app.services.match_processor - INFO - Locked 0 predictions for fixture 1326550
2025-07-22 05:42:55,458 - app.services.match_processor - INFO - Locked 0 predictions for fixture 1326548
2025-07-22 05:42:55,464 - app.services.match_processor - INFO - Locked 0 predictions for fixture 1326549
2025-07-22 05:42:55,468 - app.services.match_processor - INFO - Locked 0 predictions for fixture 1326731
2025-07-22 05:42:55,476 - app.services.match_processor - INFO - Locked 1 predictions for fixture 1326555
2025-07-22 05:42:55,480 - app.services.match_processor - INFO - Locked 0 predictions for fixture 1326551
2025-07-22 05:42:55,483 - app.services.match_processor - INFO - Locked 0 predictions for fixture 1326554
2025-07-22 05:42:55,490 - app.services.match_processor - INFO - Locked 1 predictions for fixture 1326552
2025-07-22 05:42:55,494 - app.services.match_processor - INFO - Locked 0 predictions for fixture 1326553
2025-07-22 05:42:55,497 - app.services.match_processor - INFO - Locked 0 predictions for fixture 1326560
2025-07-22 05:42:55,502 - app.services.match_processor - INFO - Locked 0 predictions for fixture 1326556
2025-07-22 05:42:55,507 - app.services.match_processor - INFO - Locked 0 predictions for fixture 1326557
2025-07-22 05:42:55,512 - app.services.match_processor - INFO - Locked 0 predictions for fixture 1326558
2025-07-22 05:42:55,517 - app.services.match_processor - INFO - Locked 0 predictions for fixture 1326559
2025-07-22 05:42:55,522 - app.services.match_processor - INFO - Locked 0 predictions for fixture 1326561
2025-07-22 05:42:55,528 - app.services.match_processor - INFO - Locked 0 predictions for fixture 1326562
2025-07-22 05:42:55,533 - app.services.match_processor - INFO - Locked 0 predictions for fixture 1326563
2025-07-22 05:42:55,539 - app.services.match_processor - INFO - Locked 0 predictions for fixture 1326732
2025-07-22 05:42:55,544 - app.services.match_processor - INFO - Locked 0 predictions for fixture 1383916
2025-07-22 05:42:55,555 - app.services.match_processor - INFO - Locked 0 predictions for fixture 1386548
2025-07-22 05:42:55,560 - app.services.match_processor - INFO - Locked 0 predictions for fixture 1386549
2025-07-22 05:42:55,565 - app.services.match_processor - INFO - Locked 0 predictions for fixture 1386550
2025-07-22 05:42:55,566 - app.services.match_processor - INFO - Prediction locking complete: {'status': 'success', 'matches_processed': 67, 'predictions_locked': 3, 'timestamp': '2025-07-22T05:42:55.566074+00:00'}
2025-07-22 05:42:55,931 - app.services.match_processor - INFO - Found 0 completed matches needing processing
2025-07-22 05:42:55,932 - app.services.match_processor - INFO - Match processing complete: {'status': 'success', 'matches_completed': 0, 'predictions_processed': 0, 'timestamp': '2025-07-22T05:42:55.932671+00:00'}
2025-07-22 05:42:55,933 - app.services.smart_scheduler - INFO - ✅ Processing cycle completed in mode: minimal
2025-07-22 05:44:13,439 - app.services.cache_service - ERROR - Error setting cache: Object of type Fixture is not JSON serializable
2025-07-22 05:44:13,441 - app.middleware.rate_limiter - ERROR - Error processing request: Unable to serialize unknown type: <class 'app.db.models.Fixture'>
2025-07-22 05:44:44,438 - app.services.cache_service - ERROR - Error setting cache: Object of type Fixture is not JSON serializable
2025-07-22 05:44:44,440 - app.middleware.rate_limiter - ERROR - Error processing request: Unable to serialize unknown type: <class 'app.db.models.Fixture'>
2025-07-22 05:46:14,429 - app.services.cache_service - ERROR - Error setting cache: Object of type Fixture is not JSON serializable
2025-07-22 05:46:14,430 - app.middleware.rate_limiter - ERROR - Error processing request: Unable to serialize unknown type: <class 'app.db.models.Fixture'>
2025-07-22 05:46:32,567 - app.main - INFO - 🔄 Shutting down application...
2025-07-22 05:46:32,567 - app.main - INFO - 🛑 Stopping smart scheduler...
2025-07-22 05:46:32,568 - app.services.smart_scheduler - INFO - 🛑 Stopping smart scheduler...
2025-07-22 05:46:42,566 - match_processing_audit - INFO - SMART_SCHEDULER_SHUTDOWN
2025-07-22 05:46:42,567 - app.services.smart_scheduler - INFO - ✅ Smart scheduler stopped
2025-07-22 05:46:42,567 - app.main - INFO - ✅ Smart scheduler stopped
2025-07-22 05:46:42,567 - app.services.init_services - INFO - Shutting down application services...
2025-07-22 05:46:42,568 - app.services.init_services - INFO - All services shut down successfully
2025-07-22 05:46:42,568 - app.main - INFO - ✅ Services shutdown complete
2025-07-22 05:46:42,568 - app.main - INFO - 🛑 Application shutdown complete
2025-07-22 05:46:44,634 - app.main - INFO - Starting router registration...
2025-07-22 05:46:44,731 - app.main - INFO - ✅ Auth router registered
2025-07-22 05:46:44,737 - app.main - INFO - ✅ Users router registered
2025-07-22 05:46:44,749 - app.main - INFO - ✅ Matches router registered
2025-07-22 05:46:44,759 - app.main - INFO - ✅ Predictions router registered
2025-07-22 05:46:44,783 - app.main - INFO - ✅ Groups router registered
2025-07-22 05:46:44,808 - app.main - INFO - ✅ Admin router registered
2025-07-22 05:46:44,809 - app.main - INFO - ✅ Router registration complete!
2025-07-22 05:46:44,814 - app.main - INFO - 🚀 Starting application...
2025-07-22 05:46:44,815 - app.db.session - INFO - Creating database tables if they don't exist...
2025-07-22 05:46:44,851 - app.db.session - INFO - Database tables created successfully.
2025-07-22 05:46:44,851 - app.main - INFO - ✅ Database tables created
2025-07-22 05:46:44,851 - app.services.init_services - INFO - Initializing application services...
2025-07-22 05:46:44,853 - app.services.cache_service - INFO - Connected to Redis successfully
2025-07-22 05:46:44,854 - app.services.init_services - INFO - Redis cache initialized
2025-07-22 05:46:44,854 - app.services.init_services - INFO - Football API service initialized
2025-07-22 05:46:44,880 - app.services.init_services - INFO - Found 161 teams in database, skipping import
2025-07-22 05:46:44,881 - app.services.init_services - INFO - Verifying admin assignments...
2025-07-22 05:46:44,888 - app.services.init_services - INFO - All admin assignments are correct
2025-07-22 05:46:44,889 - app.services.init_services - INFO - All services initialized successfully
2025-07-22 05:46:44,889 - app.main - INFO - ✅ Services initialized
2025-07-22 05:46:44,890 - app.main - INFO - 🧠 Starting intelligent match-day scheduler...
2025-07-22 05:46:44,890 - app.services.smart_scheduler - INFO - 🚀 Starting smart match-day scheduler...
2025-07-22 05:46:44,897 - app.services.smart_scheduler - INFO - 📊 Initial schedule: minimal - No matches in next 3 days
2025-07-22 05:46:44,898 - app.services.smart_scheduler - INFO - ⏰ Initial frequency: every 3600 seconds
2025-07-22 05:46:44,900 - app.services.smart_scheduler - INFO - 🤖 Smart scheduler started
2025-07-22 05:46:44,900 - match_processing_audit - INFO - SMART_SCHEDULER_INIT: {'mode': 'minimal', 'frequency': 3600, 'reason': 'No matches in next 3 days', 'next_match_date': None}
2025-07-22 05:46:44,900 - match_processing_audit - INFO - SMART_SCHEDULER_START
2025-07-22 05:46:44,901 - app.services.smart_scheduler - INFO - ✅ Smart scheduler started successfully
2025-07-22 05:46:44,901 - app.services.smart_scheduler - INFO - 🔄 Starting processing cycle (mode: minimal)
2025-07-22 05:46:44,902 - match_processing_audit - INFO - SMART_CYCLE_START: mode=minimal, timestamp=2025-07-22T05:46:44.901694+00:00
2025-07-22 05:46:44,904 - app.services.match_processor - INFO - 🔄 Starting full processing cycle at 2025-07-22 05:46:44.904112+00:00
2025-07-22 05:46:44,904 - app.main - INFO - ✅ Smart scheduler started successfully!
2025-07-22 05:46:44,905 - match_processing_audit - INFO - FULL_CYCLE_START: timestamp=2025-07-22T05:46:44.904112+00:00
2025-07-22 05:46:44,905 - app.main - INFO - 📊 Current mode: minimal
2025-07-22 05:46:44,905 - app.services.match_processor - INFO - 🚀 Starting prediction locking cycle at 2025-07-22 05:46:44.905719+00:00
2025-07-22 05:46:44,906 - app.main - INFO - ⏰ Current frequency: every 3600 seconds
2025-07-22 05:46:44,906 - app.main - INFO - 📅 Reason: No matches in next 3 days
2025-07-22 05:46:44,906 - match_processing_audit - INFO - LOCKING_CYCLE_START: timestamp=2025-07-22T05:46:44.905719+00:00
2025-07-22 05:46:44,907 - app.main - INFO - 🏈 Today's matches: 0
2025-07-22 05:46:44,908 - app.main - INFO - 📋 Upcoming matches: 0
2025-07-22 05:46:44,908 - app.main - INFO - 🤖 Smart scheduler features:
2025-07-22 05:46:44,908 - app.main - INFO -    🎯 Only processes intensively on match days
2025-07-22 05:46:44,909 - app.main - INFO -    ⚡ High frequency (2min) during active matches
2025-07-22 05:46:44,909 - app.main - INFO -    🔄 Medium frequency (5min) around match times
2025-07-22 05:46:44,909 - app.main - INFO -    💤 Low frequency (15-30min) on non-match periods
2025-07-22 05:46:44,910 - app.main - INFO -    📊 Automatically adapts based on match schedule
2025-07-22 05:46:44,910 - app.main - INFO - 🎉 Application startup complete!
2025-07-22 05:46:44,919 - app.services.match_processor - INFO - 🔒 Found 67 matches ready for locking (UTC time: 2025-07-22 05:46:44.907578+00:00)
2025-07-22 05:46:44,920 - match_processing_audit - INFO - SCAN_LOCKING_MATCHES: found 67 matches ready for locking at 2025-07-22 05:46:44.907578+00:00
2025-07-22 05:46:44,929 - app.services.match_processor - INFO - 🔒 Locked 0 predictions for fixture 1326472 (Los Angeles FC vs Toronto FC)
2025-07-22 05:46:44,929 - match_processing_audit - INFO - LOCK_PREDICTIONS: fixture_id=1326472, match='Los Angeles FC vs Toronto FC', predictions_locked=0
2025-07-22 05:46:44,935 - app.services.match_processor - INFO - 🔒 Locked 0 predictions for fixture 1326494 (Real Salt Lake vs Los Angeles FC)
2025-07-22 05:46:44,935 - match_processing_audit - INFO - LOCK_PREDICTIONS: fixture_id=1326494, match='Real Salt Lake vs Los Angeles FC', predictions_locked=0
2025-07-22 05:46:44,940 - app.services.match_processor - INFO - 🔒 Locked 0 predictions for fixture 1326496 (Inter Miami vs Atlanta United FC)
2025-07-22 05:46:44,940 - match_processing_audit - INFO - LOCK_PREDICTIONS: fixture_id=1326496, match='Inter Miami vs Atlanta United FC', predictions_locked=0
2025-07-22 05:46:44,945 - app.services.match_processor - INFO - 🔒 Locked 0 predictions for fixture 1326509 (New York City FC vs Toronto FC)
2025-07-22 05:46:44,945 - match_processing_audit - INFO - LOCK_PREDICTIONS: fixture_id=1326509, match='New York City FC vs Toronto FC', predictions_locked=0
2025-07-22 05:46:44,950 - app.services.match_processor - INFO - 🔒 Locked 0 predictions for fixture 1326510 (FC Dallas vs Minnesota United FC)
2025-07-22 05:46:44,951 - match_processing_audit - INFO - LOCK_PREDICTIONS: fixture_id=1326510, match='FC Dallas vs Minnesota United FC', predictions_locked=0
2025-07-22 05:46:44,960 - app.services.match_processor - INFO - 🔒 Locked 0 predictions for fixture 1326511 (Colorado Rapids vs Sporting Kansas City)
2025-07-22 05:46:44,960 - match_processing_audit - INFO - LOCK_PREDICTIONS: fixture_id=1326511, match='Colorado Rapids vs Sporting Kansas City', predictions_locked=0
2025-07-22 05:46:44,966 - app.services.match_processor - INFO - 🔒 Locked 0 predictions for fixture 1326512 (Los Angeles Galaxy vs Vancouver Whitecaps)
2025-07-22 05:46:44,966 - match_processing_audit - INFO - LOCK_PREDICTIONS: fixture_id=1326512, match='Los Angeles Galaxy vs Vancouver Whitecaps', predictions_locked=0
2025-07-22 05:46:44,970 - app.services.match_processor - INFO - 🔒 Locked 0 predictions for fixture 1326513 (Charlotte vs Orlando City SC)
2025-07-22 05:46:44,970 - match_processing_audit - INFO - LOCK_PREDICTIONS: fixture_id=1326513, match='Charlotte vs Orlando City SC', predictions_locked=0
2025-07-22 05:46:44,978 - app.services.match_processor - INFO - 🔒 Locked 0 predictions for fixture 1326516 (CF Montreal vs Inter Miami)
2025-07-22 05:46:44,978 - match_processing_audit - INFO - LOCK_PREDICTIONS: fixture_id=1326516, match='CF Montreal vs Inter Miami', predictions_locked=0
2025-07-22 05:46:44,982 - app.services.match_processor - INFO - 🔒 Locked 0 predictions for fixture 1326515 (DC United vs Atlanta United FC)
2025-07-22 05:46:44,983 - match_processing_audit - INFO - LOCK_PREDICTIONS: fixture_id=1326515, match='DC United vs Atlanta United FC', predictions_locked=0
2025-07-22 05:46:44,986 - app.services.match_processor - INFO - 🔒 Locked 0 predictions for fixture 1326514 (FC Cincinnati vs Chicago Fire)
2025-07-22 05:46:44,987 - match_processing_audit - INFO - LOCK_PREDICTIONS: fixture_id=1326514, match='FC Cincinnati vs Chicago Fire', predictions_locked=0
2025-07-22 05:46:44,993 - app.services.match_processor - INFO - 🔒 Locked 0 predictions for fixture 1326518 (Nashville SC vs Philadelphia Union)
2025-07-22 05:46:44,993 - match_processing_audit - INFO - LOCK_PREDICTIONS: fixture_id=1326518, match='Nashville SC vs Philadelphia Union', predictions_locked=0
2025-07-22 05:46:44,999 - app.services.match_processor - INFO - 🔒 Locked 0 predictions for fixture 1326517 (Austin vs Los Angeles FC)
2025-07-22 05:46:45,000 - match_processing_audit - INFO - LOCK_PREDICTIONS: fixture_id=1326517, match='Austin vs Los Angeles FC', predictions_locked=0
2025-07-22 05:46:45,003 - app.services.match_processor - INFO - 🔒 Locked 0 predictions for fixture 1326519 (Real Salt Lake vs St. Louis City)
2025-07-22 05:46:45,004 - match_processing_audit - INFO - LOCK_PREDICTIONS: fixture_id=1326519, match='Real Salt Lake vs St. Louis City', predictions_locked=0
2025-07-22 05:46:45,008 - app.services.match_processor - INFO - 🔒 Locked 0 predictions for fixture 1326521 (San Jose Earthquakes vs New York Red Bulls)
2025-07-22 05:46:45,008 - match_processing_audit - INFO - LOCK_PREDICTIONS: fixture_id=1326521, match='San Jose Earthquakes vs New York Red Bulls', predictions_locked=0
2025-07-22 05:46:45,012 - app.services.match_processor - INFO - 🔒 Locked 0 predictions for fixture 1326520 (Portland Timbers vs New England Revolution)
2025-07-22 05:46:45,012 - match_processing_audit - INFO - LOCK_PREDICTIONS: fixture_id=1326520, match='Portland Timbers vs New England Revolution', predictions_locked=0
2025-07-22 05:46:45,017 - app.services.match_processor - INFO - 🔒 Locked 0 predictions for fixture 1326729 (San Diego vs Houston Dynamo)
2025-07-22 05:46:45,017 - match_processing_audit - INFO - LOCK_PREDICTIONS: fixture_id=1326729, match='San Diego vs Houston Dynamo', predictions_locked=0
2025-07-22 05:46:45,021 - app.services.match_processor - INFO - 🔒 Locked 0 predictions for fixture 1326522 (Seattle Sounders vs Columbus Crew)
2025-07-22 05:46:45,021 - match_processing_audit - INFO - LOCK_PREDICTIONS: fixture_id=1326522, match='Seattle Sounders vs Columbus Crew', predictions_locked=0
2025-07-22 05:46:45,026 - app.services.match_processor - INFO - 🔒 Locked 0 predictions for fixture 1326523 (New England Revolution vs Inter Miami)
2025-07-22 05:46:45,026 - match_processing_audit - INFO - LOCK_PREDICTIONS: fixture_id=1326523, match='New England Revolution vs Inter Miami', predictions_locked=0
2025-07-22 05:46:45,030 - app.services.match_processor - INFO - 🔒 Locked 0 predictions for fixture 1326465 (Los Angeles FC vs Colorado Rapids)
2025-07-22 05:46:45,030 - match_processing_audit - INFO - LOCK_PREDICTIONS: fixture_id=1326465, match='Los Angeles FC vs Colorado Rapids', predictions_locked=0
2025-07-22 05:46:45,033 - app.services.match_processor - INFO - 🔒 Locked 0 predictions for fixture 1326527 (Orlando City SC vs CF Montreal)
2025-07-22 05:46:45,034 - match_processing_audit - INFO - LOCK_PREDICTIONS: fixture_id=1326527, match='Orlando City SC vs CF Montreal', predictions_locked=0
2025-07-22 05:46:45,038 - app.services.match_processor - INFO - 🔒 Locked 0 predictions for fixture 1326528 (Philadelphia Union vs New York Red Bulls)
2025-07-22 05:46:45,038 - match_processing_audit - INFO - LOCK_PREDICTIONS: fixture_id=1326528, match='Philadelphia Union vs New York Red Bulls', predictions_locked=0
2025-07-22 05:46:45,042 - app.services.match_processor - INFO - 🔒 Locked 0 predictions for fixture 1326529 (Toronto FC vs Atlanta United FC)
2025-07-22 05:46:45,042 - match_processing_audit - INFO - LOCK_PREDICTIONS: fixture_id=1326529, match='Toronto FC vs Atlanta United FC', predictions_locked=0
2025-07-22 05:46:45,047 - app.services.match_processor - INFO - 🔒 Locked 0 predictions for fixture 1326525 (FC Cincinnati vs Columbus Crew)
2025-07-22 05:46:45,048 - match_processing_audit - INFO - LOCK_PREDICTIONS: fixture_id=1326525, match='FC Cincinnati vs Columbus Crew', predictions_locked=0
2025-07-22 05:46:45,053 - app.services.match_processor - INFO - 🔒 Locked 0 predictions for fixture 1326526 (Inter Miami vs Nashville SC)
2025-07-22 05:46:45,054 - match_processing_audit - INFO - LOCK_PREDICTIONS: fixture_id=1326526, match='Inter Miami vs Nashville SC', predictions_locked=0
2025-07-22 05:46:45,060 - app.services.match_processor - INFO - 🔒 Locked 0 predictions for fixture 1326524 (Charlotte vs New York City FC)
2025-07-22 05:46:45,060 - match_processing_audit - INFO - LOCK_PREDICTIONS: fixture_id=1326524, match='Charlotte vs New York City FC', predictions_locked=0
2025-07-22 05:46:45,066 - app.services.match_processor - INFO - 🔒 Locked 0 predictions for fixture 1326730 (Chicago Fire vs San Diego)
2025-07-22 05:46:45,066 - match_processing_audit - INFO - LOCK_PREDICTIONS: fixture_id=1326730, match='Chicago Fire vs San Diego', predictions_locked=0
2025-07-22 05:46:45,072 - app.services.match_processor - INFO - 🔒 Locked 0 predictions for fixture 1326531 (Sporting Kansas City vs Seattle Sounders)
2025-07-22 05:46:45,072 - match_processing_audit - INFO - LOCK_PREDICTIONS: fixture_id=1326531, match='Sporting Kansas City vs Seattle Sounders', predictions_locked=0
2025-07-22 05:46:45,078 - app.services.match_processor - INFO - 🔒 Locked 0 predictions for fixture 1326532 (Minnesota United FC vs San Jose Earthquakes)
2025-07-22 05:46:45,079 - match_processing_audit - INFO - LOCK_PREDICTIONS: fixture_id=1326532, match='Minnesota United FC vs San Jose Earthquakes', predictions_locked=0
2025-07-22 05:46:45,087 - app.services.match_processor - INFO - 🔒 Locked 0 predictions for fixture 1326530 (Austin vs New England Revolution)
2025-07-22 05:46:45,087 - match_processing_audit - INFO - LOCK_PREDICTIONS: fixture_id=1326530, match='Austin vs New England Revolution', predictions_locked=0
2025-07-22 05:46:45,092 - app.services.match_processor - INFO - 🔒 Locked 0 predictions for fixture 1326534 (Real Salt Lake vs Houston Dynamo)
2025-07-22 05:46:45,092 - match_processing_audit - INFO - LOCK_PREDICTIONS: fixture_id=1326534, match='Real Salt Lake vs Houston Dynamo', predictions_locked=0
2025-07-22 05:46:45,095 - app.services.match_processor - INFO - 🔒 Locked 0 predictions for fixture 1326533 (Colorado Rapids vs Vancouver Whitecaps)
2025-07-22 05:46:45,096 - match_processing_audit - INFO - LOCK_PREDICTIONS: fixture_id=1326533, match='Colorado Rapids vs Vancouver Whitecaps', predictions_locked=0
2025-07-22 05:46:45,099 - app.services.match_processor - INFO - 🔒 Locked 0 predictions for fixture 1326535 (Los Angeles Galaxy vs DC United)
2025-07-22 05:46:45,099 - match_processing_audit - INFO - LOCK_PREDICTIONS: fixture_id=1326535, match='Los Angeles Galaxy vs DC United', predictions_locked=0
2025-07-22 05:46:45,102 - app.services.match_processor - INFO - 🔒 Locked 0 predictions for fixture 1326536 (Los Angeles FC vs FC Dallas)
2025-07-22 05:46:45,102 - match_processing_audit - INFO - LOCK_PREDICTIONS: fixture_id=1326536, match='Los Angeles FC vs FC Dallas', predictions_locked=0
2025-07-22 05:46:45,106 - app.services.match_processor - INFO - 🔒 Locked 0 predictions for fixture 1326537 (St. Louis City vs Portland Timbers)
2025-07-22 05:46:45,106 - match_processing_audit - INFO - LOCK_PREDICTIONS: fixture_id=1326537, match='St. Louis City vs Portland Timbers', predictions_locked=0
2025-07-22 05:46:45,109 - app.services.match_processor - INFO - 🔒 Locked 0 predictions for fixture 1326542 (Orlando City SC vs New York City FC)
2025-07-22 05:46:45,109 - match_processing_audit - INFO - LOCK_PREDICTIONS: fixture_id=1326542, match='Orlando City SC vs New York City FC', predictions_locked=0
2025-07-22 05:46:45,113 - app.services.match_processor - INFO - 🔒 Locked 0 predictions for fixture 1326543 (Philadelphia Union vs CF Montreal)
2025-07-22 05:46:45,113 - match_processing_audit - INFO - LOCK_PREDICTIONS: fixture_id=1326543, match='Philadelphia Union vs CF Montreal', predictions_locked=0
2025-07-22 05:46:45,123 - app.services.match_processor - INFO - 🔒 Locked 0 predictions for fixture 1326541 (New York Red Bulls vs New England Revolution)
2025-07-22 05:46:45,124 - match_processing_audit - INFO - LOCK_PREDICTIONS: fixture_id=1326541, match='New York Red Bulls vs New England Revolution', predictions_locked=0
2025-07-22 05:46:45,128 - app.services.match_processor - INFO - 🔒 Locked 0 predictions for fixture 1326538 (Atlanta United FC vs Chicago Fire)
2025-07-22 05:46:45,128 - match_processing_audit - INFO - LOCK_PREDICTIONS: fixture_id=1326538, match='Atlanta United FC vs Chicago Fire', predictions_locked=0
2025-07-22 05:46:45,132 - app.services.match_processor - INFO - 🔒 Locked 0 predictions for fixture 1326540 (FC Cincinnati vs Inter Miami)
2025-07-22 05:46:45,132 - match_processing_audit - INFO - LOCK_PREDICTIONS: fixture_id=1326540, match='FC Cincinnati vs Inter Miami', predictions_locked=0
2025-07-22 05:46:45,137 - app.services.match_processor - INFO - 🔒 Locked 0 predictions for fixture 1326539 (Charlotte vs DC United)
2025-07-22 05:46:45,139 - match_processing_audit - INFO - LOCK_PREDICTIONS: fixture_id=1326539, match='Charlotte vs DC United', predictions_locked=0
2025-07-22 05:46:45,145 - app.services.match_processor - INFO - 🔒 Locked 0 predictions for fixture 1326544 (Houston Dynamo vs Vancouver Whitecaps)
2025-07-22 05:46:45,145 - match_processing_audit - INFO - LOCK_PREDICTIONS: fixture_id=1326544, match='Houston Dynamo vs Vancouver Whitecaps', predictions_locked=0
2025-07-22 05:46:45,149 - app.services.match_processor - INFO - 🔒 Locked 0 predictions for fixture 1326545 (Minnesota United FC vs Los Angeles FC)
2025-07-22 05:46:45,149 - match_processing_audit - INFO - LOCK_PREDICTIONS: fixture_id=1326545, match='Minnesota United FC vs Los Angeles FC', predictions_locked=0
2025-07-22 05:46:45,152 - app.services.match_processor - INFO - 🔒 Locked 0 predictions for fixture 1326546 (Nashville SC vs Columbus Crew)
2025-07-22 05:46:45,153 - match_processing_audit - INFO - LOCK_PREDICTIONS: fixture_id=1326546, match='Nashville SC vs Columbus Crew', predictions_locked=0
2025-07-22 05:46:45,157 - app.services.match_processor - INFO - 🔒 Locked 0 predictions for fixture 1326547 (Seattle Sounders vs Colorado Rapids)
2025-07-22 05:46:45,158 - match_processing_audit - INFO - LOCK_PREDICTIONS: fixture_id=1326547, match='Seattle Sounders vs Colorado Rapids', predictions_locked=0
2025-07-22 05:46:45,162 - app.services.match_processor - INFO - 🔒 Locked 0 predictions for fixture 1326550 (San Jose Earthquakes vs FC Dallas)
2025-07-22 05:46:45,162 - match_processing_audit - INFO - LOCK_PREDICTIONS: fixture_id=1326550, match='San Jose Earthquakes vs FC Dallas', predictions_locked=0
2025-07-22 05:46:45,167 - app.services.match_processor - INFO - 🔒 Locked 0 predictions for fixture 1326548 (Los Angeles Galaxy vs Austin)
2025-07-22 05:46:45,168 - match_processing_audit - INFO - LOCK_PREDICTIONS: fixture_id=1326548, match='Los Angeles Galaxy vs Austin', predictions_locked=0
2025-07-22 05:46:45,172 - app.services.match_processor - INFO - 🔒 Locked 0 predictions for fixture 1326549 (Portland Timbers vs Real Salt Lake)
2025-07-22 05:46:45,173 - match_processing_audit - INFO - LOCK_PREDICTIONS: fixture_id=1326549, match='Portland Timbers vs Real Salt Lake', predictions_locked=0
2025-07-22 05:46:45,177 - app.services.match_processor - INFO - 🔒 Locked 0 predictions for fixture 1326731 (San Diego vs Toronto FC)
2025-07-22 05:46:45,177 - match_processing_audit - INFO - LOCK_PREDICTIONS: fixture_id=1326731, match='San Diego vs Toronto FC', predictions_locked=0
2025-07-22 05:46:45,181 - app.services.match_processor - INFO - 🔒 Locked 0 predictions for fixture 1326555 (New York Red Bulls vs Inter Miami)
2025-07-22 05:46:45,181 - match_processing_audit - INFO - LOCK_PREDICTIONS: fixture_id=1326555, match='New York Red Bulls vs Inter Miami', predictions_locked=0
2025-07-22 05:46:45,184 - app.services.match_processor - INFO - 🔒 Locked 0 predictions for fixture 1326551 (Atlanta United FC vs Charlotte)
2025-07-22 05:46:45,185 - match_processing_audit - INFO - LOCK_PREDICTIONS: fixture_id=1326551, match='Atlanta United FC vs Charlotte', predictions_locked=0
2025-07-22 05:46:45,188 - app.services.match_processor - INFO - 🔒 Locked 0 predictions for fixture 1326554 (New England Revolution vs Orlando City SC)
2025-07-22 05:46:45,188 - match_processing_audit - INFO - LOCK_PREDICTIONS: fixture_id=1326554, match='New England Revolution vs Orlando City SC', predictions_locked=0
2025-07-22 05:46:45,192 - app.services.match_processor - INFO - 🔒 Locked 0 predictions for fixture 1326552 (Columbus Crew vs DC United)
2025-07-22 05:46:45,192 - match_processing_audit - INFO - LOCK_PREDICTIONS: fixture_id=1326552, match='Columbus Crew vs DC United', predictions_locked=0
2025-07-22 05:46:45,196 - app.services.match_processor - INFO - 🔒 Locked 0 predictions for fixture 1326553 (CF Montreal vs Chicago Fire)
2025-07-22 05:46:45,197 - match_processing_audit - INFO - LOCK_PREDICTIONS: fixture_id=1326553, match='CF Montreal vs Chicago Fire', predictions_locked=0
2025-07-22 05:46:45,201 - app.services.match_processor - INFO - 🔒 Locked 0 predictions for fixture 1326560 (Seattle Sounders vs San Jose Earthquakes)
2025-07-22 05:46:45,201 - match_processing_audit - INFO - LOCK_PREDICTIONS: fixture_id=1326560, match='Seattle Sounders vs San Jose Earthquakes', predictions_locked=0
2025-07-22 05:46:45,204 - app.services.match_processor - INFO - 🔒 Locked 0 predictions for fixture 1326556 (FC Dallas vs St. Louis City)
2025-07-22 05:46:45,205 - match_processing_audit - INFO - LOCK_PREDICTIONS: fixture_id=1326556, match='FC Dallas vs St. Louis City', predictions_locked=0
2025-07-22 05:46:45,208 - app.services.match_processor - INFO - 🔒 Locked 0 predictions for fixture 1326557 (Houston Dynamo vs Philadelphia Union)
2025-07-22 05:46:45,209 - match_processing_audit - INFO - LOCK_PREDICTIONS: fixture_id=1326557, match='Houston Dynamo vs Philadelphia Union', predictions_locked=0
2025-07-22 05:46:45,212 - app.services.match_processor - INFO - 🔒 Locked 0 predictions for fixture 1326558 (Sporting Kansas City vs New York City FC)
2025-07-22 05:46:45,212 - match_processing_audit - INFO - LOCK_PREDICTIONS: fixture_id=1326558, match='Sporting Kansas City vs New York City FC', predictions_locked=0
2025-07-22 05:46:45,216 - app.services.match_processor - INFO - 🔒 Locked 0 predictions for fixture 1326559 (Nashville SC vs Toronto FC)
2025-07-22 05:46:45,217 - match_processing_audit - INFO - LOCK_PREDICTIONS: fixture_id=1326559, match='Nashville SC vs Toronto FC', predictions_locked=0
2025-07-22 05:46:45,220 - app.services.match_processor - INFO - 🔒 Locked 0 predictions for fixture 1326561 (Real Salt Lake vs FC Cincinnati)
2025-07-22 05:46:45,221 - match_processing_audit - INFO - LOCK_PREDICTIONS: fixture_id=1326561, match='Real Salt Lake vs FC Cincinnati', predictions_locked=0
2025-07-22 05:46:45,225 - app.services.match_processor - INFO - 🔒 Locked 0 predictions for fixture 1326562 (Los Angeles FC vs Los Angeles Galaxy)
2025-07-22 05:46:45,226 - match_processing_audit - INFO - LOCK_PREDICTIONS: fixture_id=1326562, match='Los Angeles FC vs Los Angeles Galaxy', predictions_locked=0
2025-07-22 05:46:45,230 - app.services.match_processor - INFO - 🔒 Locked 0 predictions for fixture 1326563 (Portland Timbers vs Minnesota United FC)
2025-07-22 05:46:45,231 - match_processing_audit - INFO - LOCK_PREDICTIONS: fixture_id=1326563, match='Portland Timbers vs Minnesota United FC', predictions_locked=0
2025-07-22 05:46:45,235 - app.services.match_processor - INFO - 🔒 Locked 0 predictions for fixture 1326732 (San Diego vs Vancouver Whitecaps)
2025-07-22 05:46:45,236 - match_processing_audit - INFO - LOCK_PREDICTIONS: fixture_id=1326732, match='San Diego vs Vancouver Whitecaps', predictions_locked=0
2025-07-22 05:46:45,241 - app.services.match_processor - INFO - 🔒 Locked 0 predictions for fixture 1383916 (Inter vs Fluminense)
2025-07-22 05:46:45,241 - match_processing_audit - INFO - LOCK_PREDICTIONS: fixture_id=1383916, match='Inter vs Fluminense', predictions_locked=0
2025-07-22 05:46:45,245 - app.services.match_processor - INFO - 🔒 Locked 0 predictions for fixture 1386548 (Manchester City vs Al-Hilal Saudi FC)
2025-07-22 05:46:45,246 - match_processing_audit - INFO - LOCK_PREDICTIONS: fixture_id=1386548, match='Manchester City vs Al-Hilal Saudi FC', predictions_locked=0
2025-07-22 05:46:45,249 - app.services.match_processor - INFO - 🔒 Locked 0 predictions for fixture 1386549 (Real Madrid vs Juventus)
2025-07-22 05:46:45,249 - match_processing_audit - INFO - LOCK_PREDICTIONS: fixture_id=1386549, match='Real Madrid vs Juventus', predictions_locked=0
2025-07-22 05:46:45,253 - app.services.match_processor - INFO - 🔒 Locked 0 predictions for fixture 1386550 (Borussia Dortmund vs Monterrey)
2025-07-22 05:46:45,254 - match_processing_audit - INFO - LOCK_PREDICTIONS: fixture_id=1386550, match='Borussia Dortmund vs Monterrey', predictions_locked=0
2025-07-22 05:46:45,256 - app.services.match_processor - INFO - 🎯 Prediction locking complete: 67 matches processed, 0 predictions locked in 0.35s
2025-07-22 05:46:45,256 - match_processing_audit - INFO - LOCKING_CYCLE_COMPLETE: {'status': 'success', 'matches_processed': 67, 'predictions_locked': 0, 'successful_locks': 67, 'failed_locks': 0, 'duration_seconds': 0.350509, 'timestamp': '2025-07-22T05:46:45.256228+00:00'}
2025-07-22 05:46:45,257 - app.services.match_processor - INFO - 🚀 Starting match processing cycle at 2025-07-22 05:46:45.257741+00:00
2025-07-22 05:46:45,258 - match_processing_audit - INFO - PROCESSING_CYCLE_START: timestamp=2025-07-22T05:46:45.257741+00:00
2025-07-22 05:46:45,265 - app.services.match_processor - INFO - 🔍 Found 253 completed matches in database
2025-07-22 05:46:45,458 - app.services.cache_service - ERROR - Error setting cache: Object of type Fixture is not JSON serializable
2025-07-22 05:46:45,461 - app.middleware.rate_limiter - ERROR - Error processing request: Unable to serialize unknown type: <class 'app.db.models.Fixture'>
2025-07-22 05:46:45,507 - app.services.match_processor - INFO - 📊 Found 0 completed matches needing processing
2025-07-22 05:46:45,507 - match_processing_audit - INFO - SCAN_COMPLETED_MATCHES: found 0 matches needing processing
2025-07-22 05:46:45,508 - app.services.match_processor - INFO - 🎯 Match processing complete: 0 matches processed, 0 predictions in 0.25s
2025-07-22 05:46:45,508 - match_processing_audit - INFO - PROCESSING_CYCLE_COMPLETE: {'status': 'success', 'matches_completed': 0, 'predictions_processed': 0, 'successful_processing': 0, 'failed_processing': 0, 'duration_seconds': 0.250708, 'timestamp': '2025-07-22T05:46:45.508449+00:00', 'processed_matches': [], 'failed_matches': []}
2025-07-22 05:46:45,509 - app.services.match_processor - INFO - 🏁 Full processing cycle complete in 0.61s
2025-07-22 05:46:45,509 - match_processing_audit - INFO - FULL_CYCLE_COMPLETE: duration=0.61s
2025-07-22 05:46:45,510 - app.services.smart_scheduler - INFO - ✅ Processing cycle completed in mode: minimal
2025-07-22 05:46:57,060 - app.main - INFO - 🔄 Shutting down application...
2025-07-22 05:46:57,061 - app.main - INFO - 🛑 Stopping smart scheduler...
2025-07-22 05:46:57,061 - app.services.smart_scheduler - INFO - 🛑 Stopping smart scheduler...
2025-07-22 05:47:07,061 - match_processing_audit - INFO - SMART_SCHEDULER_SHUTDOWN
2025-07-22 05:47:07,063 - app.services.smart_scheduler - INFO - ✅ Smart scheduler stopped
2025-07-22 05:47:07,063 - app.main - INFO - ✅ Smart scheduler stopped
2025-07-22 05:47:07,064 - app.services.init_services - INFO - Shutting down application services...
2025-07-22 05:47:07,064 - app.services.init_services - INFO - All services shut down successfully
2025-07-22 05:47:07,065 - app.main - INFO - ✅ Services shutdown complete
2025-07-22 05:47:07,065 - app.main - INFO - 🛑 Application shutdown complete
2025-07-22 05:47:08,849 - app.main - INFO - Starting router registration...
2025-07-22 05:47:09,107 - app.main - INFO - ✅ Auth router registered
2025-07-22 05:47:09,114 - app.main - INFO - ✅ Users router registered
2025-07-22 05:47:09,126 - app.main - INFO - ✅ Matches router registered
2025-07-22 05:47:09,134 - app.main - INFO - ✅ Predictions router registered
2025-07-22 05:47:09,149 - app.main - INFO - ✅ Groups router registered
2025-07-22 05:47:09,164 - app.main - INFO - ✅ Admin router registered
2025-07-22 05:47:09,164 - app.main - INFO - ✅ Router registration complete!
2025-07-22 05:47:09,166 - app.main - INFO - 🚀 Starting application...
2025-07-22 05:47:09,167 - app.db.session - INFO - Creating database tables if they don't exist...
2025-07-22 05:47:09,189 - app.db.session - INFO - Database tables created successfully.
2025-07-22 05:47:09,190 - app.main - INFO - ✅ Database tables created
2025-07-22 05:47:09,190 - app.services.init_services - INFO - Initializing application services...
2025-07-22 05:47:09,192 - app.services.cache_service - INFO - Connected to Redis successfully
2025-07-22 05:47:09,192 - app.services.init_services - INFO - Redis cache initialized
2025-07-22 05:47:09,192 - app.services.init_services - INFO - Football API service initialized
2025-07-22 05:47:09,229 - app.services.init_services - INFO - Found 161 teams in database, skipping import
2025-07-22 05:47:09,230 - app.services.init_services - INFO - Verifying admin assignments...
2025-07-22 05:47:09,237 - app.services.init_services - INFO - All admin assignments are correct
2025-07-22 05:47:09,238 - app.services.init_services - INFO - All services initialized successfully
2025-07-22 05:47:09,238 - app.main - INFO - ✅ Services initialized
2025-07-22 05:47:09,238 - app.main - INFO - 🧠 Starting intelligent match-day scheduler...
2025-07-22 05:47:09,239 - app.services.smart_scheduler - INFO - 🚀 Starting smart match-day scheduler...
2025-07-22 05:47:09,245 - app.services.smart_scheduler - INFO - 📊 Initial schedule: minimal - No matches in next 3 days
2025-07-22 05:47:09,245 - app.services.smart_scheduler - INFO - ⏰ Initial frequency: every 3600 seconds
2025-07-22 05:47:09,247 - app.services.smart_scheduler - INFO - 🤖 Smart scheduler started
2025-07-22 05:47:09,247 - match_processing_audit - INFO - SMART_SCHEDULER_INIT: {'mode': 'minimal', 'frequency': 3600, 'reason': 'No matches in next 3 days', 'next_match_date': None}
2025-07-22 05:47:09,248 - match_processing_audit - INFO - SMART_SCHEDULER_START
2025-07-22 05:47:09,248 - app.services.smart_scheduler - INFO - ✅ Smart scheduler started successfully
2025-07-22 05:47:09,248 - app.services.smart_scheduler - INFO - 🔄 Starting processing cycle (mode: minimal)
2025-07-22 05:47:09,249 - match_processing_audit - INFO - SMART_CYCLE_START: mode=minimal, timestamp=2025-07-22T05:47:09.248686+00:00
2025-07-22 05:47:09,250 - app.services.match_processor - INFO - 🔄 Starting full processing cycle at 2025-07-22 05:47:09.250783+00:00
2025-07-22 05:47:09,251 - app.main - INFO - ✅ Smart scheduler started successfully!
2025-07-22 05:47:09,251 - match_processing_audit - INFO - FULL_CYCLE_START: timestamp=2025-07-22T05:47:09.250783+00:00
2025-07-22 05:47:09,251 - app.main - INFO - 📊 Current mode: minimal
2025-07-22 05:47:09,252 - app.services.match_processor - INFO - 🚀 Starting prediction locking cycle at 2025-07-22 05:47:09.252255+00:00
2025-07-22 05:47:09,252 - app.main - INFO - ⏰ Current frequency: every 3600 seconds
2025-07-22 05:47:09,253 - match_processing_audit - INFO - LOCKING_CYCLE_START: timestamp=2025-07-22T05:47:09.252255+00:00
2025-07-22 05:47:09,253 - app.main - INFO - 📅 Reason: No matches in next 3 days
2025-07-22 05:47:09,255 - app.main - INFO - 🏈 Today's matches: 0
2025-07-22 05:47:09,255 - app.main - INFO - 📋 Upcoming matches: 0
2025-07-22 05:47:09,256 - app.main - INFO - 🤖 Smart scheduler features:
2025-07-22 05:47:09,256 - app.main - INFO -    🎯 Only processes intensively on match days
2025-07-22 05:47:09,256 - app.main - INFO -    ⚡ High frequency (2min) during active matches
2025-07-22 05:47:09,256 - app.main - INFO -    🔄 Medium frequency (5min) around match times
2025-07-22 05:47:09,257 - app.main - INFO -    💤 Low frequency (15-30min) on non-match periods
2025-07-22 05:47:09,257 - app.main - INFO -    📊 Automatically adapts based on match schedule
2025-07-22 05:47:09,257 - app.main - INFO - 🎉 Application startup complete!
2025-07-22 05:47:09,266 - app.services.match_processor - INFO - 🔒 Found 67 matches ready for locking (UTC time: 2025-07-22 05:47:09.254131+00:00)
2025-07-22 05:47:09,266 - match_processing_audit - INFO - SCAN_LOCKING_MATCHES: found 67 matches ready for locking at 2025-07-22 05:47:09.254131+00:00
2025-07-22 05:47:09,273 - app.services.match_processor - INFO - 🔒 Locked 0 predictions for fixture 1326472 (Los Angeles FC vs Toronto FC)
2025-07-22 05:47:09,273 - match_processing_audit - INFO - LOCK_PREDICTIONS: fixture_id=1326472, match='Los Angeles FC vs Toronto FC', predictions_locked=0
2025-07-22 05:47:09,279 - app.services.match_processor - INFO - 🔒 Locked 0 predictions for fixture 1326494 (Real Salt Lake vs Los Angeles FC)
2025-07-22 05:47:09,280 - match_processing_audit - INFO - LOCK_PREDICTIONS: fixture_id=1326494, match='Real Salt Lake vs Los Angeles FC', predictions_locked=0
2025-07-22 05:47:09,284 - app.services.match_processor - INFO - 🔒 Locked 0 predictions for fixture 1326496 (Inter Miami vs Atlanta United FC)
2025-07-22 05:47:09,284 - match_processing_audit - INFO - LOCK_PREDICTIONS: fixture_id=1326496, match='Inter Miami vs Atlanta United FC', predictions_locked=0
2025-07-22 05:47:09,289 - app.services.match_processor - INFO - 🔒 Locked 0 predictions for fixture 1326509 (New York City FC vs Toronto FC)
2025-07-22 05:47:09,289 - match_processing_audit - INFO - LOCK_PREDICTIONS: fixture_id=1326509, match='New York City FC vs Toronto FC', predictions_locked=0
2025-07-22 05:47:09,293 - app.services.match_processor - INFO - 🔒 Locked 0 predictions for fixture 1326510 (FC Dallas vs Minnesota United FC)
2025-07-22 05:47:09,293 - match_processing_audit - INFO - LOCK_PREDICTIONS: fixture_id=1326510, match='FC Dallas vs Minnesota United FC', predictions_locked=0
2025-07-22 05:47:09,297 - app.services.match_processor - INFO - 🔒 Locked 0 predictions for fixture 1326511 (Colorado Rapids vs Sporting Kansas City)
2025-07-22 05:47:09,298 - match_processing_audit - INFO - LOCK_PREDICTIONS: fixture_id=1326511, match='Colorado Rapids vs Sporting Kansas City', predictions_locked=0
2025-07-22 05:47:09,301 - app.services.match_processor - INFO - 🔒 Locked 0 predictions for fixture 1326512 (Los Angeles Galaxy vs Vancouver Whitecaps)
2025-07-22 05:47:09,301 - match_processing_audit - INFO - LOCK_PREDICTIONS: fixture_id=1326512, match='Los Angeles Galaxy vs Vancouver Whitecaps', predictions_locked=0
2025-07-22 05:47:09,305 - app.services.match_processor - INFO - 🔒 Locked 0 predictions for fixture 1326513 (Charlotte vs Orlando City SC)
2025-07-22 05:47:09,305 - match_processing_audit - INFO - LOCK_PREDICTIONS: fixture_id=1326513, match='Charlotte vs Orlando City SC', predictions_locked=0
2025-07-22 05:47:09,310 - app.services.match_processor - INFO - 🔒 Locked 0 predictions for fixture 1326516 (CF Montreal vs Inter Miami)
2025-07-22 05:47:09,310 - match_processing_audit - INFO - LOCK_PREDICTIONS: fixture_id=1326516, match='CF Montreal vs Inter Miami', predictions_locked=0
2025-07-22 05:47:09,314 - app.services.match_processor - INFO - 🔒 Locked 0 predictions for fixture 1326515 (DC United vs Atlanta United FC)
2025-07-22 05:47:09,314 - match_processing_audit - INFO - LOCK_PREDICTIONS: fixture_id=1326515, match='DC United vs Atlanta United FC', predictions_locked=0
2025-07-22 05:47:09,318 - app.services.match_processor - INFO - 🔒 Locked 0 predictions for fixture 1326514 (FC Cincinnati vs Chicago Fire)
2025-07-22 05:47:09,319 - match_processing_audit - INFO - LOCK_PREDICTIONS: fixture_id=1326514, match='FC Cincinnati vs Chicago Fire', predictions_locked=0
2025-07-22 05:47:09,323 - app.services.match_processor - INFO - 🔒 Locked 0 predictions for fixture 1326518 (Nashville SC vs Philadelphia Union)
2025-07-22 05:47:09,323 - match_processing_audit - INFO - LOCK_PREDICTIONS: fixture_id=1326518, match='Nashville SC vs Philadelphia Union', predictions_locked=0
2025-07-22 05:47:09,328 - app.services.match_processor - INFO - 🔒 Locked 0 predictions for fixture 1326517 (Austin vs Los Angeles FC)
2025-07-22 05:47:09,329 - match_processing_audit - INFO - LOCK_PREDICTIONS: fixture_id=1326517, match='Austin vs Los Angeles FC', predictions_locked=0
2025-07-22 05:47:09,332 - app.services.match_processor - INFO - 🔒 Locked 0 predictions for fixture 1326519 (Real Salt Lake vs St. Louis City)
2025-07-22 05:47:09,332 - match_processing_audit - INFO - LOCK_PREDICTIONS: fixture_id=1326519, match='Real Salt Lake vs St. Louis City', predictions_locked=0
2025-07-22 05:47:09,335 - app.services.match_processor - INFO - 🔒 Locked 0 predictions for fixture 1326521 (San Jose Earthquakes vs New York Red Bulls)
2025-07-22 05:47:09,336 - match_processing_audit - INFO - LOCK_PREDICTIONS: fixture_id=1326521, match='San Jose Earthquakes vs New York Red Bulls', predictions_locked=0
2025-07-22 05:47:09,339 - app.services.match_processor - INFO - 🔒 Locked 0 predictions for fixture 1326520 (Portland Timbers vs New England Revolution)
2025-07-22 05:47:09,339 - match_processing_audit - INFO - LOCK_PREDICTIONS: fixture_id=1326520, match='Portland Timbers vs New England Revolution', predictions_locked=0
2025-07-22 05:47:09,343 - app.services.match_processor - INFO - 🔒 Locked 0 predictions for fixture 1326729 (San Diego vs Houston Dynamo)
2025-07-22 05:47:09,343 - match_processing_audit - INFO - LOCK_PREDICTIONS: fixture_id=1326729, match='San Diego vs Houston Dynamo', predictions_locked=0
2025-07-22 05:47:09,346 - app.services.match_processor - INFO - 🔒 Locked 0 predictions for fixture 1326522 (Seattle Sounders vs Columbus Crew)
2025-07-22 05:47:09,346 - match_processing_audit - INFO - LOCK_PREDICTIONS: fixture_id=1326522, match='Seattle Sounders vs Columbus Crew', predictions_locked=0
2025-07-22 05:47:09,349 - app.services.match_processor - INFO - 🔒 Locked 0 predictions for fixture 1326523 (New England Revolution vs Inter Miami)
2025-07-22 05:47:09,349 - match_processing_audit - INFO - LOCK_PREDICTIONS: fixture_id=1326523, match='New England Revolution vs Inter Miami', predictions_locked=0
2025-07-22 05:47:09,352 - app.services.match_processor - INFO - 🔒 Locked 0 predictions for fixture 1326465 (Los Angeles FC vs Colorado Rapids)
2025-07-22 05:47:09,352 - match_processing_audit - INFO - LOCK_PREDICTIONS: fixture_id=1326465, match='Los Angeles FC vs Colorado Rapids', predictions_locked=0
2025-07-22 05:47:09,356 - app.services.match_processor - INFO - 🔒 Locked 0 predictions for fixture 1326527 (Orlando City SC vs CF Montreal)
2025-07-22 05:47:09,357 - match_processing_audit - INFO - LOCK_PREDICTIONS: fixture_id=1326527, match='Orlando City SC vs CF Montreal', predictions_locked=0
2025-07-22 05:47:09,360 - app.services.match_processor - INFO - 🔒 Locked 0 predictions for fixture 1326528 (Philadelphia Union vs New York Red Bulls)
2025-07-22 05:47:09,360 - match_processing_audit - INFO - LOCK_PREDICTIONS: fixture_id=1326528, match='Philadelphia Union vs New York Red Bulls', predictions_locked=0
2025-07-22 05:47:09,363 - app.services.match_processor - INFO - 🔒 Locked 0 predictions for fixture 1326529 (Toronto FC vs Atlanta United FC)
2025-07-22 05:47:09,363 - match_processing_audit - INFO - LOCK_PREDICTIONS: fixture_id=1326529, match='Toronto FC vs Atlanta United FC', predictions_locked=0
2025-07-22 05:47:09,366 - app.services.match_processor - INFO - 🔒 Locked 0 predictions for fixture 1326525 (FC Cincinnati vs Columbus Crew)
2025-07-22 05:47:09,367 - match_processing_audit - INFO - LOCK_PREDICTIONS: fixture_id=1326525, match='FC Cincinnati vs Columbus Crew', predictions_locked=0
2025-07-22 05:47:09,369 - app.services.match_processor - INFO - 🔒 Locked 0 predictions for fixture 1326526 (Inter Miami vs Nashville SC)
2025-07-22 05:47:09,370 - match_processing_audit - INFO - LOCK_PREDICTIONS: fixture_id=1326526, match='Inter Miami vs Nashville SC', predictions_locked=0
2025-07-22 05:47:09,373 - app.services.match_processor - INFO - 🔒 Locked 0 predictions for fixture 1326524 (Charlotte vs New York City FC)
2025-07-22 05:47:09,373 - match_processing_audit - INFO - LOCK_PREDICTIONS: fixture_id=1326524, match='Charlotte vs New York City FC', predictions_locked=0
2025-07-22 05:47:09,376 - app.services.match_processor - INFO - 🔒 Locked 0 predictions for fixture 1326730 (Chicago Fire vs San Diego)
2025-07-22 05:47:09,377 - match_processing_audit - INFO - LOCK_PREDICTIONS: fixture_id=1326730, match='Chicago Fire vs San Diego', predictions_locked=0
2025-07-22 05:47:09,380 - app.services.match_processor - INFO - 🔒 Locked 0 predictions for fixture 1326531 (Sporting Kansas City vs Seattle Sounders)
2025-07-22 05:47:09,380 - match_processing_audit - INFO - LOCK_PREDICTIONS: fixture_id=1326531, match='Sporting Kansas City vs Seattle Sounders', predictions_locked=0
2025-07-22 05:47:09,382 - app.services.match_processor - INFO - 🔒 Locked 0 predictions for fixture 1326532 (Minnesota United FC vs San Jose Earthquakes)
2025-07-22 05:47:09,383 - match_processing_audit - INFO - LOCK_PREDICTIONS: fixture_id=1326532, match='Minnesota United FC vs San Jose Earthquakes', predictions_locked=0
2025-07-22 05:47:09,386 - app.services.match_processor - INFO - 🔒 Locked 0 predictions for fixture 1326530 (Austin vs New England Revolution)
2025-07-22 05:47:09,387 - match_processing_audit - INFO - LOCK_PREDICTIONS: fixture_id=1326530, match='Austin vs New England Revolution', predictions_locked=0
2025-07-22 05:47:09,390 - app.services.match_processor - INFO - 🔒 Locked 0 predictions for fixture 1326534 (Real Salt Lake vs Houston Dynamo)
2025-07-22 05:47:09,391 - match_processing_audit - INFO - LOCK_PREDICTIONS: fixture_id=1326534, match='Real Salt Lake vs Houston Dynamo', predictions_locked=0
2025-07-22 05:47:09,394 - app.services.match_processor - INFO - 🔒 Locked 0 predictions for fixture 1326533 (Colorado Rapids vs Vancouver Whitecaps)
2025-07-22 05:47:09,394 - match_processing_audit - INFO - LOCK_PREDICTIONS: fixture_id=1326533, match='Colorado Rapids vs Vancouver Whitecaps', predictions_locked=0
2025-07-22 05:47:09,398 - app.services.match_processor - INFO - 🔒 Locked 0 predictions for fixture 1326535 (Los Angeles Galaxy vs DC United)
2025-07-22 05:47:09,398 - match_processing_audit - INFO - LOCK_PREDICTIONS: fixture_id=1326535, match='Los Angeles Galaxy vs DC United', predictions_locked=0
2025-07-22 05:47:09,401 - app.services.match_processor - INFO - 🔒 Locked 0 predictions for fixture 1326536 (Los Angeles FC vs FC Dallas)
2025-07-22 05:47:09,401 - match_processing_audit - INFO - LOCK_PREDICTIONS: fixture_id=1326536, match='Los Angeles FC vs FC Dallas', predictions_locked=0
2025-07-22 05:47:09,405 - app.services.match_processor - INFO - 🔒 Locked 0 predictions for fixture 1326537 (St. Louis City vs Portland Timbers)
2025-07-22 05:47:09,405 - match_processing_audit - INFO - LOCK_PREDICTIONS: fixture_id=1326537, match='St. Louis City vs Portland Timbers', predictions_locked=0
2025-07-22 05:47:09,409 - app.services.match_processor - INFO - 🔒 Locked 0 predictions for fixture 1326542 (Orlando City SC vs New York City FC)
2025-07-22 05:47:09,409 - match_processing_audit - INFO - LOCK_PREDICTIONS: fixture_id=1326542, match='Orlando City SC vs New York City FC', predictions_locked=0
2025-07-22 05:47:09,412 - app.services.match_processor - INFO - 🔒 Locked 0 predictions for fixture 1326543 (Philadelphia Union vs CF Montreal)
2025-07-22 05:47:09,412 - match_processing_audit - INFO - LOCK_PREDICTIONS: fixture_id=1326543, match='Philadelphia Union vs CF Montreal', predictions_locked=0
2025-07-22 05:47:09,415 - app.services.match_processor - INFO - 🔒 Locked 0 predictions for fixture 1326541 (New York Red Bulls vs New England Revolution)
2025-07-22 05:47:09,415 - match_processing_audit - INFO - LOCK_PREDICTIONS: fixture_id=1326541, match='New York Red Bulls vs New England Revolution', predictions_locked=0
2025-07-22 05:47:09,430 - app.services.match_processor - INFO - 🔒 Locked 0 predictions for fixture 1326538 (Atlanta United FC vs Chicago Fire)
2025-07-22 05:47:09,431 - match_processing_audit - INFO - LOCK_PREDICTIONS: fixture_id=1326538, match='Atlanta United FC vs Chicago Fire', predictions_locked=0
2025-07-22 05:47:09,441 - app.services.match_processor - INFO - 🔒 Locked 0 predictions for fixture 1326540 (FC Cincinnati vs Inter Miami)
2025-07-22 05:47:09,447 - match_processing_audit - INFO - LOCK_PREDICTIONS: fixture_id=1326540, match='FC Cincinnati vs Inter Miami', predictions_locked=0
2025-07-22 05:47:09,478 - app.services.match_processor - INFO - 🔒 Locked 0 predictions for fixture 1326539 (Charlotte vs DC United)
2025-07-22 05:47:09,479 - match_processing_audit - INFO - LOCK_PREDICTIONS: fixture_id=1326539, match='Charlotte vs DC United', predictions_locked=0
2025-07-22 05:47:09,489 - app.services.match_processor - INFO - 🔒 Locked 0 predictions for fixture 1326544 (Houston Dynamo vs Vancouver Whitecaps)
2025-07-22 05:47:09,489 - match_processing_audit - INFO - LOCK_PREDICTIONS: fixture_id=1326544, match='Houston Dynamo vs Vancouver Whitecaps', predictions_locked=0
2025-07-22 05:47:09,496 - app.services.match_processor - INFO - 🔒 Locked 0 predictions for fixture 1326545 (Minnesota United FC vs Los Angeles FC)
2025-07-22 05:47:09,497 - match_processing_audit - INFO - LOCK_PREDICTIONS: fixture_id=1326545, match='Minnesota United FC vs Los Angeles FC', predictions_locked=0
2025-07-22 05:47:09,502 - app.services.match_processor - INFO - 🔒 Locked 0 predictions for fixture 1326546 (Nashville SC vs Columbus Crew)
2025-07-22 05:47:09,503 - match_processing_audit - INFO - LOCK_PREDICTIONS: fixture_id=1326546, match='Nashville SC vs Columbus Crew', predictions_locked=0
2025-07-22 05:47:09,509 - app.services.match_processor - INFO - 🔒 Locked 0 predictions for fixture 1326547 (Seattle Sounders vs Colorado Rapids)
2025-07-22 05:47:09,509 - match_processing_audit - INFO - LOCK_PREDICTIONS: fixture_id=1326547, match='Seattle Sounders vs Colorado Rapids', predictions_locked=0
2025-07-22 05:47:09,514 - app.services.match_processor - INFO - 🔒 Locked 0 predictions for fixture 1326550 (San Jose Earthquakes vs FC Dallas)
2025-07-22 05:47:09,515 - match_processing_audit - INFO - LOCK_PREDICTIONS: fixture_id=1326550, match='San Jose Earthquakes vs FC Dallas', predictions_locked=0
2025-07-22 05:47:09,520 - app.services.match_processor - INFO - 🔒 Locked 0 predictions for fixture 1326548 (Los Angeles Galaxy vs Austin)
2025-07-22 05:47:09,520 - match_processing_audit - INFO - LOCK_PREDICTIONS: fixture_id=1326548, match='Los Angeles Galaxy vs Austin', predictions_locked=0
2025-07-22 05:47:09,526 - app.services.match_processor - INFO - 🔒 Locked 0 predictions for fixture 1326549 (Portland Timbers vs Real Salt Lake)
2025-07-22 05:47:09,526 - match_processing_audit - INFO - LOCK_PREDICTIONS: fixture_id=1326549, match='Portland Timbers vs Real Salt Lake', predictions_locked=0
2025-07-22 05:47:09,532 - app.services.match_processor - INFO - 🔒 Locked 0 predictions for fixture 1326731 (San Diego vs Toronto FC)
2025-07-22 05:47:09,533 - match_processing_audit - INFO - LOCK_PREDICTIONS: fixture_id=1326731, match='San Diego vs Toronto FC', predictions_locked=0
2025-07-22 05:47:09,538 - app.services.match_processor - INFO - 🔒 Locked 0 predictions for fixture 1326555 (New York Red Bulls vs Inter Miami)
2025-07-22 05:47:09,538 - match_processing_audit - INFO - LOCK_PREDICTIONS: fixture_id=1326555, match='New York Red Bulls vs Inter Miami', predictions_locked=0
2025-07-22 05:47:09,544 - app.services.match_processor - INFO - 🔒 Locked 0 predictions for fixture 1326551 (Atlanta United FC vs Charlotte)
2025-07-22 05:47:09,545 - match_processing_audit - INFO - LOCK_PREDICTIONS: fixture_id=1326551, match='Atlanta United FC vs Charlotte', predictions_locked=0
2025-07-22 05:47:09,549 - app.services.match_processor - INFO - 🔒 Locked 0 predictions for fixture 1326554 (New England Revolution vs Orlando City SC)
2025-07-22 05:47:09,549 - match_processing_audit - INFO - LOCK_PREDICTIONS: fixture_id=1326554, match='New England Revolution vs Orlando City SC', predictions_locked=0
2025-07-22 05:47:09,553 - app.services.match_processor - INFO - 🔒 Locked 0 predictions for fixture 1326552 (Columbus Crew vs DC United)
2025-07-22 05:47:09,553 - match_processing_audit - INFO - LOCK_PREDICTIONS: fixture_id=1326552, match='Columbus Crew vs DC United', predictions_locked=0
2025-07-22 05:47:09,558 - app.services.match_processor - INFO - 🔒 Locked 0 predictions for fixture 1326553 (CF Montreal vs Chicago Fire)
2025-07-22 05:47:09,559 - match_processing_audit - INFO - LOCK_PREDICTIONS: fixture_id=1326553, match='CF Montreal vs Chicago Fire', predictions_locked=0
2025-07-22 05:47:09,563 - app.services.match_processor - INFO - 🔒 Locked 0 predictions for fixture 1326560 (Seattle Sounders vs San Jose Earthquakes)
2025-07-22 05:47:09,563 - match_processing_audit - INFO - LOCK_PREDICTIONS: fixture_id=1326560, match='Seattle Sounders vs San Jose Earthquakes', predictions_locked=0
2025-07-22 05:47:09,567 - app.services.match_processor - INFO - 🔒 Locked 0 predictions for fixture 1326556 (FC Dallas vs St. Louis City)
2025-07-22 05:47:09,567 - match_processing_audit - INFO - LOCK_PREDICTIONS: fixture_id=1326556, match='FC Dallas vs St. Louis City', predictions_locked=0
2025-07-22 05:47:09,570 - app.services.match_processor - INFO - 🔒 Locked 0 predictions for fixture 1326557 (Houston Dynamo vs Philadelphia Union)
2025-07-22 05:47:09,570 - match_processing_audit - INFO - LOCK_PREDICTIONS: fixture_id=1326557, match='Houston Dynamo vs Philadelphia Union', predictions_locked=0
2025-07-22 05:47:09,574 - app.services.match_processor - INFO - 🔒 Locked 0 predictions for fixture 1326558 (Sporting Kansas City vs New York City FC)
2025-07-22 05:47:09,574 - match_processing_audit - INFO - LOCK_PREDICTIONS: fixture_id=1326558, match='Sporting Kansas City vs New York City FC', predictions_locked=0
2025-07-22 05:47:09,578 - app.services.match_processor - INFO - 🔒 Locked 0 predictions for fixture 1326559 (Nashville SC vs Toronto FC)
2025-07-22 05:47:09,578 - match_processing_audit - INFO - LOCK_PREDICTIONS: fixture_id=1326559, match='Nashville SC vs Toronto FC', predictions_locked=0
2025-07-22 05:47:09,581 - app.services.match_processor - INFO - 🔒 Locked 0 predictions for fixture 1326561 (Real Salt Lake vs FC Cincinnati)
2025-07-22 05:47:09,581 - match_processing_audit - INFO - LOCK_PREDICTIONS: fixture_id=1326561, match='Real Salt Lake vs FC Cincinnati', predictions_locked=0
2025-07-22 05:47:09,585 - app.services.match_processor - INFO - 🔒 Locked 0 predictions for fixture 1326562 (Los Angeles FC vs Los Angeles Galaxy)
2025-07-22 05:47:09,585 - match_processing_audit - INFO - LOCK_PREDICTIONS: fixture_id=1326562, match='Los Angeles FC vs Los Angeles Galaxy', predictions_locked=0
2025-07-22 05:47:09,590 - app.services.match_processor - INFO - 🔒 Locked 0 predictions for fixture 1326563 (Portland Timbers vs Minnesota United FC)
2025-07-22 05:47:09,590 - match_processing_audit - INFO - LOCK_PREDICTIONS: fixture_id=1326563, match='Portland Timbers vs Minnesota United FC', predictions_locked=0
2025-07-22 05:47:09,595 - app.services.match_processor - INFO - 🔒 Locked 0 predictions for fixture 1326732 (San Diego vs Vancouver Whitecaps)
2025-07-22 05:47:09,595 - match_processing_audit - INFO - LOCK_PREDICTIONS: fixture_id=1326732, match='San Diego vs Vancouver Whitecaps', predictions_locked=0
2025-07-22 05:47:09,599 - app.services.match_processor - INFO - 🔒 Locked 0 predictions for fixture 1383916 (Inter vs Fluminense)
2025-07-22 05:47:09,599 - match_processing_audit - INFO - LOCK_PREDICTIONS: fixture_id=1383916, match='Inter vs Fluminense', predictions_locked=0
2025-07-22 05:47:09,603 - app.services.match_processor - INFO - 🔒 Locked 0 predictions for fixture 1386548 (Manchester City vs Al-Hilal Saudi FC)
2025-07-22 05:47:09,604 - match_processing_audit - INFO - LOCK_PREDICTIONS: fixture_id=1386548, match='Manchester City vs Al-Hilal Saudi FC', predictions_locked=0
2025-07-22 05:47:09,608 - app.services.match_processor - INFO - 🔒 Locked 0 predictions for fixture 1386549 (Real Madrid vs Juventus)
2025-07-22 05:47:09,608 - match_processing_audit - INFO - LOCK_PREDICTIONS: fixture_id=1386549, match='Real Madrid vs Juventus', predictions_locked=0
2025-07-22 05:47:09,612 - app.services.match_processor - INFO - 🔒 Locked 0 predictions for fixture 1386550 (Borussia Dortmund vs Monterrey)
2025-07-22 05:47:09,613 - match_processing_audit - INFO - LOCK_PREDICTIONS: fixture_id=1386550, match='Borussia Dortmund vs Monterrey', predictions_locked=0
2025-07-22 05:47:09,614 - app.services.match_processor - INFO - 🎯 Prediction locking complete: 67 matches processed, 0 predictions locked in 0.36s
2025-07-22 05:47:09,614 - match_processing_audit - INFO - LOCKING_CYCLE_COMPLETE: {'status': 'success', 'matches_processed': 67, 'predictions_locked': 0, 'successful_locks': 67, 'failed_locks': 0, 'duration_seconds': 0.362271, 'timestamp': '2025-07-22T05:47:09.614526+00:00'}
2025-07-22 05:47:09,615 - app.services.match_processor - INFO - 🚀 Starting match processing cycle at 2025-07-22 05:47:09.615489+00:00
2025-07-22 05:47:09,615 - match_processing_audit - INFO - PROCESSING_CYCLE_START: timestamp=2025-07-22T05:47:09.615489+00:00
2025-07-22 05:47:09,622 - app.services.match_processor - INFO - 🔍 Found 253 completed matches in database
2025-07-22 05:47:09,800 - app.services.match_processor - INFO - 📊 Found 0 completed matches needing processing
2025-07-22 05:47:09,801 - match_processing_audit - INFO - SCAN_COMPLETED_MATCHES: found 0 matches needing processing
2025-07-22 05:47:09,801 - app.services.match_processor - INFO - 🎯 Match processing complete: 0 matches processed, 0 predictions in 0.19s
2025-07-22 05:47:09,802 - match_processing_audit - INFO - PROCESSING_CYCLE_COMPLETE: {'status': 'success', 'matches_completed': 0, 'predictions_processed': 0, 'successful_processing': 0, 'failed_processing': 0, 'duration_seconds': 0.186283, 'timestamp': '2025-07-22T05:47:09.801772+00:00', 'processed_matches': [], 'failed_matches': []}
2025-07-22 05:47:09,802 - app.services.match_processor - INFO - 🏁 Full processing cycle complete in 0.55s
2025-07-22 05:47:09,802 - match_processing_audit - INFO - FULL_CYCLE_COMPLETE: duration=0.55s
2025-07-22 05:47:09,803 - app.services.smart_scheduler - INFO - ✅ Processing cycle completed in mode: minimal
2025-07-22 05:48:15,427 - app.services.cache_service - ERROR - Error setting cache: Object of type Fixture is not JSON serializable
2025-07-22 05:48:15,429 - app.middleware.rate_limiter - ERROR - Error processing request: Unable to serialize unknown type: <class 'app.db.models.Fixture'>
2025-07-22 05:48:46,561 - app.services.cache_service - ERROR - Error setting cache: Object of type Fixture is not JSON serializable
2025-07-22 05:48:46,562 - app.middleware.rate_limiter - ERROR - Error processing request: Unable to serialize unknown type: <class 'app.db.models.Fixture'>
